{
  "stats": {
    "suites": 12,
    "tests": 41,
    "passes": 1,
    "pending": 0,
    "failures": 40,
    "start": "2021-06-01T18:49:28.353Z",
    "end": "2021-06-01T18:53:04.521Z",
    "duration": 216168,
    "testsRegistered": 41,
    "passPercent": 2.4390243902439024,
    "pendingPercent": 0,
    "other": 0,
    "hasOther": false,
    "skipped": 0,
    "hasSkipped": false
  },
  "results": [
    {
      "uuid": "a15742c2-a4b8-41e3-9977-ca2839733b1c",
      "title": "",
      "fullFile": "cypress/integration/project.spec.js",
      "file": "cypress/integration/project.spec.js",
      "beforeHooks": [],
      "afterHooks": [],
      "tests": [],
      "suites": [
        {
          "uuid": "f40d134b-6767-411a-8e4c-c375dbc67c35",
          "title": "1 - Adicione à página o título \"Paleta de Cores\".",
          "fullFile": "",
          "file": "",
          "beforeHooks": [],
          "afterHooks": [],
          "tests": [
            {
              "title": "Verifica se contém um elemento `h1` com o id `title` com o título correto",
              "fullTitle": "1 - Adicione à página o título \"Paleta de Cores\". Verifica se contém um elemento `h1` com o id `title` com o título correto",
              "timedOut": null,
              "duration": 809,
              "state": "passed",
              "speed": "slow",
              "pass": true,
              "fail": false,
              "pending": false,
              "context": null,
              "code": "cy.get('h1#title').should('contain.text', 'Paleta de Cores');",
              "err": {},
              "uuid": "6099c2f3-9968-40ab-9d29-60996c3dd6b6",
              "parentUUID": "f40d134b-6767-411a-8e4c-c375dbc67c35",
              "isHook": false,
              "skipped": false
            }
          ],
          "suites": [],
          "passes": [
            "6099c2f3-9968-40ab-9d29-60996c3dd6b6"
          ],
          "failures": [],
          "pending": [],
          "skipped": [],
          "duration": 809,
          "root": false,
          "rootEmpty": false,
          "_timeout": 2000
        },
        {
          "uuid": "43e5218d-f2d9-4477-93cd-9af6338d9394",
          "title": "2 - Adicione à página uma paleta de quatro cores distintas.",
          "fullFile": "",
          "file": "",
          "beforeHooks": [],
          "afterHooks": [],
          "tests": [
            {
              "title": "A paleta de cores deve ser um elemento com `id` denominado `color-palette`",
              "fullTitle": "2 - Adicione à página uma paleta de quatro cores distintas. A paleta de cores deve ser um elemento com `id` denominado `color-palette`",
              "timedOut": null,
              "duration": 5442,
              "state": "failed",
              "speed": null,
              "pass": false,
              "fail": true,
              "pending": false,
              "context": null,
              "code": "cy.get('#color-palette').should('be.visible');",
              "err": {
                "message": "CypressError: Timed out retrying: Expected to find element: '#color-palette', but never found it.",
                "estack": "CypressError: Timed out retrying: Expected to find element: '#color-palette', but never found it.\n    at cypressErr (http://localhost:45791/__cypress/runner/cypress_runner.js:149934:9)\n    at throwErr (http://localhost:45791/__cypress/runner/cypress_runner.js:149867:11)\n    at Object.throwErrByPath (http://localhost:45791/__cypress/runner/cypress_runner.js:149915:3)\n    at retry (http://localhost:45791/__cypress/runner/cypress_runner.js:144197:19)\n    at onFailFn (http://localhost:45791/__cypress/runner/cypress_runner.js:132448:16)\n    at tryCatcher (http://localhost:45791/__cypress/runner/cypress_runner.js:167415:23)\n    at Promise._settlePromiseFromHandler (http://localhost:45791/__cypress/runner/cypress_runner.js:165351:31)\n    at Promise._settlePromise (http://localhost:45791/__cypress/runner/cypress_runner.js:165408:18)\n    at Promise._settlePromise0 (http://localhost:45791/__cypress/runner/cypress_runner.js:165453:10)\n    at Promise._settlePromises (http://localhost:45791/__cypress/runner/cypress_runner.js:165528:18)\n    at Async../node_modules/bluebird/js/release/async.js.Async._drainQueue (http://localhost:45791/__cypress/runner/cypress_runner.js:162140:16)\n    at Async../node_modules/bluebird/js/release/async.js.Async._drainQueues (http://localhost:45791/__cypress/runner/cypress_runner.js:162150:10)\n    at Async.drainQueues (http://localhost:45791/__cypress/runner/cypress_runner.js:162024:14)",
                "diff": null
              },
              "uuid": "413d50d8-2111-4520-af46-4d7c82ff8215",
              "parentUUID": "43e5218d-f2d9-4477-93cd-9af6338d9394",
              "isHook": false,
              "skipped": false
            },
            {
              "title": "Verifica se cada cor individual da paleta de cores possui a `classe` chamada `color`.",
              "fullTitle": "2 - Adicione à página uma paleta de quatro cores distintas. Verifica se cada cor individual da paleta de cores possui a `classe` chamada `color`.",
              "timedOut": null,
              "duration": 5139,
              "state": "failed",
              "speed": null,
              "pass": false,
              "fail": true,
              "pending": false,
              "context": null,
              "code": "cy.get('.color').should('have.length', 4).then(function (colors) {\n  for (var i = 0; i < colors.length; i++) {\n    cy.wrap(colors[i]).should('be.visible');\n  }\n});",
              "err": {
                "message": "CypressError: Timed out retrying: Expected to find element: '.color', but never found it.",
                "estack": "CypressError: Timed out retrying: Expected to find element: '.color', but never found it.\n    at cypressErr (http://localhost:45791/__cypress/runner/cypress_runner.js:149934:9)\n    at throwErr (http://localhost:45791/__cypress/runner/cypress_runner.js:149867:11)\n    at Object.throwErrByPath (http://localhost:45791/__cypress/runner/cypress_runner.js:149915:3)\n    at retry (http://localhost:45791/__cypress/runner/cypress_runner.js:144197:19)\n    at onFailFn (http://localhost:45791/__cypress/runner/cypress_runner.js:132448:16)\n    at tryCatcher (http://localhost:45791/__cypress/runner/cypress_runner.js:167415:23)\n    at Promise._settlePromiseFromHandler (http://localhost:45791/__cypress/runner/cypress_runner.js:165351:31)\n    at Promise._settlePromise (http://localhost:45791/__cypress/runner/cypress_runner.js:165408:18)\n    at Promise._settlePromise0 (http://localhost:45791/__cypress/runner/cypress_runner.js:165453:10)\n    at Promise._settlePromises (http://localhost:45791/__cypress/runner/cypress_runner.js:165528:18)\n    at Async../node_modules/bluebird/js/release/async.js.Async._drainQueue (http://localhost:45791/__cypress/runner/cypress_runner.js:162140:16)\n    at Async../node_modules/bluebird/js/release/async.js.Async._drainQueues (http://localhost:45791/__cypress/runner/cypress_runner.js:162150:10)\n    at Async.drainQueues (http://localhost:45791/__cypress/runner/cypress_runner.js:162024:14)",
                "diff": null
              },
              "uuid": "c42f707f-eda0-4576-b29e-0afef1d59312",
              "parentUUID": "43e5218d-f2d9-4477-93cd-9af6338d9394",
              "isHook": false,
              "skipped": false
            },
            {
              "title": "Verifica se a cor de fundo de cada elemento da paleta é a cor que o elemento representa. **A única cor não permitida na paleta é a cor branca.**",
              "fullTitle": "2 - Adicione à página uma paleta de quatro cores distintas. Verifica se a cor de fundo de cada elemento da paleta é a cor que o elemento representa. **A única cor não permitida na paleta é a cor branca.**",
              "timedOut": null,
              "duration": 5056,
              "state": "failed",
              "speed": null,
              "pass": false,
              "fail": true,
              "pending": false,
              "context": null,
              "code": "cy.get('.color').each(function (color) {\n  cy.wrap(color).should('have.class', 'color').and('not.have.css', 'background-color', WHITE);\n  cy.wrap(color).should('have.css', 'background-color');\n});",
              "err": {
                "message": "CypressError: Timed out retrying: Expected to find element: '.color', but never found it.",
                "estack": "CypressError: Timed out retrying: Expected to find element: '.color', but never found it.\n    at cypressErr (http://localhost:45791/__cypress/runner/cypress_runner.js:149934:9)\n    at throwErr (http://localhost:45791/__cypress/runner/cypress_runner.js:149867:11)\n    at Object.throwErrByPath (http://localhost:45791/__cypress/runner/cypress_runner.js:149915:3)\n    at retry (http://localhost:45791/__cypress/runner/cypress_runner.js:144197:19)\n    at onFailFn (http://localhost:45791/__cypress/runner/cypress_runner.js:132448:16)\n    at tryCatcher (http://localhost:45791/__cypress/runner/cypress_runner.js:167415:23)\n    at Promise._settlePromiseFromHandler (http://localhost:45791/__cypress/runner/cypress_runner.js:165351:31)\n    at Promise._settlePromise (http://localhost:45791/__cypress/runner/cypress_runner.js:165408:18)\n    at Promise._settlePromise0 (http://localhost:45791/__cypress/runner/cypress_runner.js:165453:10)\n    at Promise._settlePromises (http://localhost:45791/__cypress/runner/cypress_runner.js:165528:18)\n    at Async../node_modules/bluebird/js/release/async.js.Async._drainQueue (http://localhost:45791/__cypress/runner/cypress_runner.js:162140:16)\n    at Async../node_modules/bluebird/js/release/async.js.Async._drainQueues (http://localhost:45791/__cypress/runner/cypress_runner.js:162150:10)\n    at Async.drainQueues (http://localhost:45791/__cypress/runner/cypress_runner.js:162024:14)",
                "diff": null
              },
              "uuid": "997c7bd3-381f-4f3c-8b09-68a3385e03a6",
              "parentUUID": "43e5218d-f2d9-4477-93cd-9af6338d9394",
              "isHook": false,
              "skipped": false
            },
            {
              "title": "Verifica se cada elemento da paleta de cores tem uma borda preta, sólida e com 1 pixel de largura;",
              "fullTitle": "2 - Adicione à página uma paleta de quatro cores distintas. Verifica se cada elemento da paleta de cores tem uma borda preta, sólida e com 1 pixel de largura;",
              "timedOut": null,
              "duration": 4969,
              "state": "failed",
              "speed": null,
              "pass": false,
              "fail": true,
              "pending": false,
              "context": null,
              "code": "cy.get('.color').each(function (color) {\n  cy.wrap(color).and('have.css', 'border', \"1px solid \".concat(BLACK)).and('have.class', 'color');\n});",
              "err": {
                "message": "CypressError: Timed out retrying: Expected to find element: '.color', but never found it.",
                "estack": "CypressError: Timed out retrying: Expected to find element: '.color', but never found it.\n    at cypressErr (http://localhost:45791/__cypress/runner/cypress_runner.js:149934:9)\n    at throwErr (http://localhost:45791/__cypress/runner/cypress_runner.js:149867:11)\n    at Object.throwErrByPath (http://localhost:45791/__cypress/runner/cypress_runner.js:149915:3)\n    at retry (http://localhost:45791/__cypress/runner/cypress_runner.js:144197:19)\n    at onFailFn (http://localhost:45791/__cypress/runner/cypress_runner.js:132448:16)\n    at tryCatcher (http://localhost:45791/__cypress/runner/cypress_runner.js:167415:23)\n    at Promise._settlePromiseFromHandler (http://localhost:45791/__cypress/runner/cypress_runner.js:165351:31)\n    at Promise._settlePromise (http://localhost:45791/__cypress/runner/cypress_runner.js:165408:18)\n    at Promise._settlePromise0 (http://localhost:45791/__cypress/runner/cypress_runner.js:165453:10)\n    at Promise._settlePromises (http://localhost:45791/__cypress/runner/cypress_runner.js:165528:18)\n    at Async../node_modules/bluebird/js/release/async.js.Async._drainQueue (http://localhost:45791/__cypress/runner/cypress_runner.js:162140:16)\n    at Async../node_modules/bluebird/js/release/async.js.Async._drainQueues (http://localhost:45791/__cypress/runner/cypress_runner.js:162150:10)\n    at Async.drainQueues (http://localhost:45791/__cypress/runner/cypress_runner.js:162024:14)",
                "diff": null
              },
              "uuid": "f5553249-edea-4550-adf2-a19fa1238e6f",
              "parentUUID": "43e5218d-f2d9-4477-93cd-9af6338d9394",
              "isHook": false,
              "skipped": false
            },
            {
              "title": "Verifica se a paleta lista todas as cores disponíveis para utilização, lado a lado.",
              "fullTitle": "2 - Adicione à página uma paleta de quatro cores distintas. Verifica se a paleta lista todas as cores disponíveis para utilização, lado a lado.",
              "timedOut": null,
              "duration": 5007,
              "state": "failed",
              "speed": null,
              "pass": false,
              "fail": true,
              "pending": false,
              "context": null,
              "code": "cy.get('.color').then(function (colors) {\n  for (var index = 1; index < colors.length; index += 1) {\n    var currentColor = colors[index];\n    var previousColor = colors[index - 1];\n    cy.wrap(currentColor).should('be.onTheRightOf', previousColor).and('be.horizontallyAlignedWith', previousColor);\n  }\n});",
              "err": {
                "message": "CypressError: Timed out retrying: Expected to find element: '.color', but never found it.",
                "estack": "CypressError: Timed out retrying: Expected to find element: '.color', but never found it.\n    at cypressErr (http://localhost:45791/__cypress/runner/cypress_runner.js:149934:9)\n    at throwErr (http://localhost:45791/__cypress/runner/cypress_runner.js:149867:11)\n    at Object.throwErrByPath (http://localhost:45791/__cypress/runner/cypress_runner.js:149915:3)\n    at retry (http://localhost:45791/__cypress/runner/cypress_runner.js:144197:19)\n    at onFailFn (http://localhost:45791/__cypress/runner/cypress_runner.js:132448:16)\n    at tryCatcher (http://localhost:45791/__cypress/runner/cypress_runner.js:167415:23)\n    at Promise._settlePromiseFromHandler (http://localhost:45791/__cypress/runner/cypress_runner.js:165351:31)\n    at Promise._settlePromise (http://localhost:45791/__cypress/runner/cypress_runner.js:165408:18)\n    at Promise._settlePromise0 (http://localhost:45791/__cypress/runner/cypress_runner.js:165453:10)\n    at Promise._settlePromises (http://localhost:45791/__cypress/runner/cypress_runner.js:165528:18)\n    at Async../node_modules/bluebird/js/release/async.js.Async._drainQueue (http://localhost:45791/__cypress/runner/cypress_runner.js:162140:16)\n    at Async../node_modules/bluebird/js/release/async.js.Async._drainQueues (http://localhost:45791/__cypress/runner/cypress_runner.js:162150:10)\n    at Async.drainQueues (http://localhost:45791/__cypress/runner/cypress_runner.js:162024:14)",
                "diff": null
              },
              "uuid": "a0923019-79ea-46db-baba-fe5f32e21c43",
              "parentUUID": "43e5218d-f2d9-4477-93cd-9af6338d9394",
              "isHook": false,
              "skipped": false
            },
            {
              "title": "Verifica se a paleta de cores está posicionada abaixo do título 'Paleta de Cores'",
              "fullTitle": "2 - Adicione à página uma paleta de quatro cores distintas. Verifica se a paleta de cores está posicionada abaixo do título 'Paleta de Cores'",
              "timedOut": null,
              "duration": 4860,
              "state": "failed",
              "speed": null,
              "pass": false,
              "fail": true,
              "pending": false,
              "context": null,
              "code": "cy.get('h1#title').then(function (title) {\n  cy.get('#color-palette').should('be.belowOf', title);\n});",
              "err": {
                "message": "CypressError: Timed out retrying: Expected to find element: '#color-palette', but never found it.",
                "estack": "CypressError: Timed out retrying: Expected to find element: '#color-palette', but never found it.\n    at cypressErr (http://localhost:45791/__cypress/runner/cypress_runner.js:149934:9)\n    at throwErr (http://localhost:45791/__cypress/runner/cypress_runner.js:149867:11)\n    at Object.throwErrByPath (http://localhost:45791/__cypress/runner/cypress_runner.js:149915:3)\n    at retry (http://localhost:45791/__cypress/runner/cypress_runner.js:144197:19)\n    at onFailFn (http://localhost:45791/__cypress/runner/cypress_runner.js:132448:16)\n    at tryCatcher (http://localhost:45791/__cypress/runner/cypress_runner.js:167415:23)\n    at Promise._settlePromiseFromHandler (http://localhost:45791/__cypress/runner/cypress_runner.js:165351:31)\n    at Promise._settlePromise (http://localhost:45791/__cypress/runner/cypress_runner.js:165408:18)\n    at Promise._settlePromise0 (http://localhost:45791/__cypress/runner/cypress_runner.js:165453:10)\n    at Promise._settlePromises (http://localhost:45791/__cypress/runner/cypress_runner.js:165528:18)\n    at Async../node_modules/bluebird/js/release/async.js.Async._drainQueue (http://localhost:45791/__cypress/runner/cypress_runner.js:162140:16)\n    at Async../node_modules/bluebird/js/release/async.js.Async._drainQueues (http://localhost:45791/__cypress/runner/cypress_runner.js:162150:10)\n    at Async.drainQueues (http://localhost:45791/__cypress/runner/cypress_runner.js:162024:14)",
                "diff": null
              },
              "uuid": "cbb5c7c9-f654-436e-87dc-10d1a1ef3d63",
              "parentUUID": "43e5218d-f2d9-4477-93cd-9af6338d9394",
              "isHook": false,
              "skipped": false
            },
            {
              "title": "Verifica se a paleta de cores não contém cores repetidas.",
              "fullTitle": "2 - Adicione à página uma paleta de quatro cores distintas. Verifica se a paleta de cores não contém cores repetidas.",
              "timedOut": null,
              "duration": 5030,
              "state": "failed",
              "speed": null,
              "pass": false,
              "fail": true,
              "pending": false,
              "context": null,
              "code": "cy.get('.color').then(function (colors) {\n  var allColors = Array.from(colors).map(function (color) {\n    return Cypress.$(color).css('background-color');\n  });\n  cy.log(allColors);\n  var uniqColors = (0, _toConsumableArray2[\"default\"])(new Set(allColors));\n  cy.log(uniqColors);\n  expect(allColors.length).to.eq(uniqColors.length);\n});",
              "err": {
                "message": "CypressError: Timed out retrying: Expected to find element: '.color', but never found it.",
                "estack": "CypressError: Timed out retrying: Expected to find element: '.color', but never found it.\n    at cypressErr (http://localhost:45791/__cypress/runner/cypress_runner.js:149934:9)\n    at throwErr (http://localhost:45791/__cypress/runner/cypress_runner.js:149867:11)\n    at Object.throwErrByPath (http://localhost:45791/__cypress/runner/cypress_runner.js:149915:3)\n    at retry (http://localhost:45791/__cypress/runner/cypress_runner.js:144197:19)\n    at onFailFn (http://localhost:45791/__cypress/runner/cypress_runner.js:132448:16)\n    at tryCatcher (http://localhost:45791/__cypress/runner/cypress_runner.js:167415:23)\n    at Promise._settlePromiseFromHandler (http://localhost:45791/__cypress/runner/cypress_runner.js:165351:31)\n    at Promise._settlePromise (http://localhost:45791/__cypress/runner/cypress_runner.js:165408:18)\n    at Promise._settlePromise0 (http://localhost:45791/__cypress/runner/cypress_runner.js:165453:10)\n    at Promise._settlePromises (http://localhost:45791/__cypress/runner/cypress_runner.js:165528:18)\n    at Async../node_modules/bluebird/js/release/async.js.Async._drainQueue (http://localhost:45791/__cypress/runner/cypress_runner.js:162140:16)\n    at Async../node_modules/bluebird/js/release/async.js.Async._drainQueues (http://localhost:45791/__cypress/runner/cypress_runner.js:162150:10)\n    at Async.drainQueues (http://localhost:45791/__cypress/runner/cypress_runner.js:162024:14)",
                "diff": null
              },
              "uuid": "15c7274b-7d1d-4eb5-8aa3-7eec6ec94827",
              "parentUUID": "43e5218d-f2d9-4477-93cd-9af6338d9394",
              "isHook": false,
              "skipped": false
            }
          ],
          "suites": [],
          "passes": [],
          "failures": [
            "413d50d8-2111-4520-af46-4d7c82ff8215",
            "c42f707f-eda0-4576-b29e-0afef1d59312",
            "997c7bd3-381f-4f3c-8b09-68a3385e03a6",
            "f5553249-edea-4550-adf2-a19fa1238e6f",
            "a0923019-79ea-46db-baba-fe5f32e21c43",
            "cbb5c7c9-f654-436e-87dc-10d1a1ef3d63",
            "15c7274b-7d1d-4eb5-8aa3-7eec6ec94827"
          ],
          "pending": [],
          "skipped": [],
          "duration": 35503,
          "root": false,
          "rootEmpty": false,
          "_timeout": 2000
        },
        {
          "uuid": "13d00394-641d-4651-b6b4-f2b4b90e7fc9",
          "title": "3 - Adicione a cor **preta** como a primeira cor da paleta de cores.",
          "fullFile": "",
          "file": "",
          "beforeHooks": [],
          "afterHooks": [],
          "tests": [
            {
              "title": "Verifica se a primeira cor da paleta é preta",
              "fullTitle": "3 - Adicione a cor **preta** como a primeira cor da paleta de cores. Verifica se a primeira cor da paleta é preta",
              "timedOut": null,
              "duration": 5120,
              "state": "failed",
              "speed": null,
              "pass": false,
              "fail": true,
              "pending": false,
              "context": null,
              "code": "cy.get('.color').first().should('have.css', 'background-color', BLACK);",
              "err": {
                "message": "CypressError: Timed out retrying: Expected to find element: '.color', but never found it.",
                "estack": "CypressError: Timed out retrying: Expected to find element: '.color', but never found it.\n    at cypressErr (http://localhost:45791/__cypress/runner/cypress_runner.js:149934:9)\n    at throwErr (http://localhost:45791/__cypress/runner/cypress_runner.js:149867:11)\n    at Object.throwErrByPath (http://localhost:45791/__cypress/runner/cypress_runner.js:149915:3)\n    at retry (http://localhost:45791/__cypress/runner/cypress_runner.js:144197:19)\n    at onFailFn (http://localhost:45791/__cypress/runner/cypress_runner.js:132448:16)\n    at tryCatcher (http://localhost:45791/__cypress/runner/cypress_runner.js:167415:23)\n    at Promise._settlePromiseFromHandler (http://localhost:45791/__cypress/runner/cypress_runner.js:165351:31)\n    at Promise._settlePromise (http://localhost:45791/__cypress/runner/cypress_runner.js:165408:18)\n    at Promise._settlePromise0 (http://localhost:45791/__cypress/runner/cypress_runner.js:165453:10)\n    at Promise._settlePromises (http://localhost:45791/__cypress/runner/cypress_runner.js:165528:18)\n    at Async../node_modules/bluebird/js/release/async.js.Async._drainQueue (http://localhost:45791/__cypress/runner/cypress_runner.js:162140:16)\n    at Async../node_modules/bluebird/js/release/async.js.Async._drainQueues (http://localhost:45791/__cypress/runner/cypress_runner.js:162150:10)\n    at Async.drainQueues (http://localhost:45791/__cypress/runner/cypress_runner.js:162024:14)",
                "diff": null
              },
              "uuid": "7d75bb66-4766-47e6-b672-9d83bc76df95",
              "parentUUID": "13d00394-641d-4651-b6b4-f2b4b90e7fc9",
              "isHook": false,
              "skipped": false
            },
            {
              "title": "Verifica se as demais cores podem ser escolhidas livremente.",
              "fullTitle": "3 - Adicione a cor **preta** como a primeira cor da paleta de cores. Verifica se as demais cores podem ser escolhidas livremente.",
              "timedOut": null,
              "duration": 5051,
              "state": "failed",
              "speed": null,
              "pass": false,
              "fail": true,
              "pending": false,
              "context": null,
              "code": "cy.get('.color').eq(1).should('not.have.css', 'background-color', BLACK);\ncy.get('.color').eq(1).should('not.have.css', 'background-color', WHITE);\ncy.get('.color').eq(1).should('not.have.css', 'background-color', 'rgba(0, 0, 0, 0)');\ncy.get('.color').eq(1).should('have.css', 'background-color');\ncy.get('.color').eq(2).should('not.have.css', 'background-color', BLACK);\ncy.get('.color').eq(2).should('not.have.css', 'background-color', WHITE);\ncy.get('.color').eq(2).should('not.have.css', 'background-color', 'rgba(0, 0, 0, 0)');\ncy.get('.color').eq(2).should('have.css', 'background-color');\ncy.get('.color').eq(3).should('not.have.css', 'background-color', BLACK);\ncy.get('.color').eq(3).should('not.have.css', 'background-color', WHITE);\ncy.get('.color').eq(3).should('not.have.css', 'background-color', 'rgba(0, 0, 0, 0)');\ncy.get('.color').eq(3).should('have.css', 'background-color');",
              "err": {
                "message": "CypressError: Timed out retrying: Expected to find element: '.color', but never found it.",
                "estack": "CypressError: Timed out retrying: Expected to find element: '.color', but never found it.\n    at cypressErr (http://localhost:45791/__cypress/runner/cypress_runner.js:149934:9)\n    at throwErr (http://localhost:45791/__cypress/runner/cypress_runner.js:149867:11)\n    at Object.throwErrByPath (http://localhost:45791/__cypress/runner/cypress_runner.js:149915:3)\n    at retry (http://localhost:45791/__cypress/runner/cypress_runner.js:144197:19)\n    at onFailFn (http://localhost:45791/__cypress/runner/cypress_runner.js:132448:16)\n    at tryCatcher (http://localhost:45791/__cypress/runner/cypress_runner.js:167415:23)\n    at Promise._settlePromiseFromHandler (http://localhost:45791/__cypress/runner/cypress_runner.js:165351:31)\n    at Promise._settlePromise (http://localhost:45791/__cypress/runner/cypress_runner.js:165408:18)\n    at Promise._settlePromise0 (http://localhost:45791/__cypress/runner/cypress_runner.js:165453:10)\n    at Promise._settlePromises (http://localhost:45791/__cypress/runner/cypress_runner.js:165528:18)\n    at Async../node_modules/bluebird/js/release/async.js.Async._drainQueue (http://localhost:45791/__cypress/runner/cypress_runner.js:162140:16)\n    at Async../node_modules/bluebird/js/release/async.js.Async._drainQueues (http://localhost:45791/__cypress/runner/cypress_runner.js:162150:10)\n    at Async.drainQueues (http://localhost:45791/__cypress/runner/cypress_runner.js:162024:14)",
                "diff": null
              },
              "uuid": "f836edc1-ac37-40be-853c-62705e6e7b96",
              "parentUUID": "13d00394-641d-4651-b6b4-f2b4b90e7fc9",
              "isHook": false,
              "skipped": false
            }
          ],
          "suites": [],
          "passes": [],
          "failures": [
            "7d75bb66-4766-47e6-b672-9d83bc76df95",
            "f836edc1-ac37-40be-853c-62705e6e7b96"
          ],
          "pending": [],
          "skipped": [],
          "duration": 10171,
          "root": false,
          "rootEmpty": false,
          "_timeout": 2000
        },
        {
          "uuid": "cb6b5c80-d20a-4892-9865-a7b7324b449d",
          "title": "4 - Adicione à página um quadro de pixels, com 25 pixels.",
          "fullFile": "",
          "file": "",
          "beforeHooks": [],
          "afterHooks": [],
          "tests": [
            {
              "title": "Verifica se o quadro de pixels possui o `id` denominado `pixel-board`",
              "fullTitle": "4 - Adicione à página um quadro de pixels, com 25 pixels. Verifica se o quadro de pixels possui o `id` denominado `pixel-board`",
              "timedOut": null,
              "duration": 5103,
              "state": "failed",
              "speed": null,
              "pass": false,
              "fail": true,
              "pending": false,
              "context": null,
              "code": "cy.get('#pixel-board').should('be.visible');",
              "err": {
                "message": "CypressError: Timed out retrying: Expected to find element: '#pixel-board', but never found it.",
                "estack": "CypressError: Timed out retrying: Expected to find element: '#pixel-board', but never found it.\n    at cypressErr (http://localhost:45791/__cypress/runner/cypress_runner.js:149934:9)\n    at throwErr (http://localhost:45791/__cypress/runner/cypress_runner.js:149867:11)\n    at Object.throwErrByPath (http://localhost:45791/__cypress/runner/cypress_runner.js:149915:3)\n    at retry (http://localhost:45791/__cypress/runner/cypress_runner.js:144197:19)\n    at onFailFn (http://localhost:45791/__cypress/runner/cypress_runner.js:132448:16)\n    at tryCatcher (http://localhost:45791/__cypress/runner/cypress_runner.js:167415:23)\n    at Promise._settlePromiseFromHandler (http://localhost:45791/__cypress/runner/cypress_runner.js:165351:31)\n    at Promise._settlePromise (http://localhost:45791/__cypress/runner/cypress_runner.js:165408:18)\n    at Promise._settlePromise0 (http://localhost:45791/__cypress/runner/cypress_runner.js:165453:10)\n    at Promise._settlePromises (http://localhost:45791/__cypress/runner/cypress_runner.js:165528:18)\n    at Async../node_modules/bluebird/js/release/async.js.Async._drainQueue (http://localhost:45791/__cypress/runner/cypress_runner.js:162140:16)\n    at Async../node_modules/bluebird/js/release/async.js.Async._drainQueues (http://localhost:45791/__cypress/runner/cypress_runner.js:162150:10)\n    at Async.drainQueues (http://localhost:45791/__cypress/runner/cypress_runner.js:162024:14)",
                "diff": null
              },
              "uuid": "2aa8d3d3-2f60-43c7-ace5-4b366e3b5b24",
              "parentUUID": "cb6b5c80-d20a-4892-9865-a7b7324b449d",
              "isHook": false,
              "skipped": false
            },
            {
              "title": "Verifica se cada pixel individual dentro do quadro possui a `classe` denominada `pixel`.",
              "fullTitle": "4 - Adicione à página um quadro de pixels, com 25 pixels. Verifica se cada pixel individual dentro do quadro possui a `classe` denominada `pixel`.",
              "timedOut": null,
              "duration": 4853,
              "state": "failed",
              "speed": null,
              "pass": false,
              "fail": true,
              "pending": false,
              "context": null,
              "code": "cy.get('.pixel').should('have.length', 25);",
              "err": {
                "message": "CypressError: Timed out retrying: Expected to find element: '.pixel', but never found it.",
                "estack": "CypressError: Timed out retrying: Expected to find element: '.pixel', but never found it.\n    at cypressErr (http://localhost:45791/__cypress/runner/cypress_runner.js:149934:9)\n    at throwErr (http://localhost:45791/__cypress/runner/cypress_runner.js:149867:11)\n    at Object.throwErrByPath (http://localhost:45791/__cypress/runner/cypress_runner.js:149915:3)\n    at retry (http://localhost:45791/__cypress/runner/cypress_runner.js:144197:19)\n    at onFailFn (http://localhost:45791/__cypress/runner/cypress_runner.js:132448:16)\n    at tryCatcher (http://localhost:45791/__cypress/runner/cypress_runner.js:167415:23)\n    at Promise._settlePromiseFromHandler (http://localhost:45791/__cypress/runner/cypress_runner.js:165351:31)\n    at Promise._settlePromise (http://localhost:45791/__cypress/runner/cypress_runner.js:165408:18)\n    at Promise._settlePromise0 (http://localhost:45791/__cypress/runner/cypress_runner.js:165453:10)\n    at Promise._settlePromises (http://localhost:45791/__cypress/runner/cypress_runner.js:165528:18)\n    at Async../node_modules/bluebird/js/release/async.js.Async._drainQueue (http://localhost:45791/__cypress/runner/cypress_runner.js:162140:16)\n    at Async../node_modules/bluebird/js/release/async.js.Async._drainQueues (http://localhost:45791/__cypress/runner/cypress_runner.js:162150:10)\n    at Async.drainQueues (http://localhost:45791/__cypress/runner/cypress_runner.js:162024:14)",
                "diff": null
              },
              "uuid": "703deae2-8ea6-489a-be43-a6bfc7d89ae1",
              "parentUUID": "cb6b5c80-d20a-4892-9865-a7b7324b449d",
              "isHook": false,
              "skipped": false
            },
            {
              "title": "Verifica se a cor inicial dos pixels dentro do quadro, ao abrir a página, é branca.",
              "fullTitle": "4 - Adicione à página um quadro de pixels, com 25 pixels. Verifica se a cor inicial dos pixels dentro do quadro, ao abrir a página, é branca.",
              "timedOut": null,
              "duration": 5260,
              "state": "failed",
              "speed": null,
              "pass": false,
              "fail": true,
              "pending": false,
              "context": null,
              "code": "cy.get('.pixel').should('have.length', 25).each(function (pixel) {\n  expect(pixel).to.have.css('background-color', WHITE);\n});",
              "err": {
                "message": "CypressError: Timed out retrying: Expected to find element: '.pixel', but never found it.",
                "estack": "CypressError: Timed out retrying: Expected to find element: '.pixel', but never found it.\n    at cypressErr (http://localhost:45791/__cypress/runner/cypress_runner.js:149934:9)\n    at throwErr (http://localhost:45791/__cypress/runner/cypress_runner.js:149867:11)\n    at Object.throwErrByPath (http://localhost:45791/__cypress/runner/cypress_runner.js:149915:3)\n    at retry (http://localhost:45791/__cypress/runner/cypress_runner.js:144197:19)\n    at onFailFn (http://localhost:45791/__cypress/runner/cypress_runner.js:132448:16)\n    at tryCatcher (http://localhost:45791/__cypress/runner/cypress_runner.js:167415:23)\n    at Promise._settlePromiseFromHandler (http://localhost:45791/__cypress/runner/cypress_runner.js:165351:31)\n    at Promise._settlePromise (http://localhost:45791/__cypress/runner/cypress_runner.js:165408:18)\n    at Promise._settlePromise0 (http://localhost:45791/__cypress/runner/cypress_runner.js:165453:10)\n    at Promise._settlePromises (http://localhost:45791/__cypress/runner/cypress_runner.js:165528:18)\n    at Async../node_modules/bluebird/js/release/async.js.Async._drainQueue (http://localhost:45791/__cypress/runner/cypress_runner.js:162140:16)\n    at Async../node_modules/bluebird/js/release/async.js.Async._drainQueues (http://localhost:45791/__cypress/runner/cypress_runner.js:162150:10)\n    at Async.drainQueues (http://localhost:45791/__cypress/runner/cypress_runner.js:162024:14)",
                "diff": null
              },
              "uuid": "ead4e89a-7d0b-41a6-8e7d-ae5ea55b57a0",
              "parentUUID": "cb6b5c80-d20a-4892-9865-a7b7324b449d",
              "isHook": false,
              "skipped": false
            },
            {
              "title": "Verifica se o quadro de pixels aparece abaixo da paleta de cores",
              "fullTitle": "4 - Adicione à página um quadro de pixels, com 25 pixels. Verifica se o quadro de pixels aparece abaixo da paleta de cores",
              "timedOut": null,
              "duration": 5189,
              "state": "failed",
              "speed": null,
              "pass": false,
              "fail": true,
              "pending": false,
              "context": null,
              "code": "cy.get('#color-palette').then(function (palette) {\n  cy.get('#pixel-board').should('be.belowOf', palette);\n});",
              "err": {
                "message": "CypressError: Timed out retrying: Expected to find element: '#color-palette', but never found it.",
                "estack": "CypressError: Timed out retrying: Expected to find element: '#color-palette', but never found it.\n    at cypressErr (http://localhost:45791/__cypress/runner/cypress_runner.js:149934:9)\n    at throwErr (http://localhost:45791/__cypress/runner/cypress_runner.js:149867:11)\n    at Object.throwErrByPath (http://localhost:45791/__cypress/runner/cypress_runner.js:149915:3)\n    at retry (http://localhost:45791/__cypress/runner/cypress_runner.js:144197:19)\n    at onFailFn (http://localhost:45791/__cypress/runner/cypress_runner.js:132448:16)\n    at tryCatcher (http://localhost:45791/__cypress/runner/cypress_runner.js:167415:23)\n    at Promise._settlePromiseFromHandler (http://localhost:45791/__cypress/runner/cypress_runner.js:165351:31)\n    at Promise._settlePromise (http://localhost:45791/__cypress/runner/cypress_runner.js:165408:18)\n    at Promise._settlePromise0 (http://localhost:45791/__cypress/runner/cypress_runner.js:165453:10)\n    at Promise._settlePromises (http://localhost:45791/__cypress/runner/cypress_runner.js:165528:18)\n    at Async../node_modules/bluebird/js/release/async.js.Async._drainQueue (http://localhost:45791/__cypress/runner/cypress_runner.js:162140:16)\n    at Async../node_modules/bluebird/js/release/async.js.Async._drainQueues (http://localhost:45791/__cypress/runner/cypress_runner.js:162150:10)\n    at Async.drainQueues (http://localhost:45791/__cypress/runner/cypress_runner.js:162024:14)",
                "diff": null
              },
              "uuid": "84147298-db62-47d5-b3a5-3b076492e938",
              "parentUUID": "cb6b5c80-d20a-4892-9865-a7b7324b449d",
              "isHook": false,
              "skipped": false
            }
          ],
          "suites": [],
          "passes": [],
          "failures": [
            "2aa8d3d3-2f60-43c7-ace5-4b366e3b5b24",
            "703deae2-8ea6-489a-be43-a6bfc7d89ae1",
            "ead4e89a-7d0b-41a6-8e7d-ae5ea55b57a0",
            "84147298-db62-47d5-b3a5-3b076492e938"
          ],
          "pending": [],
          "skipped": [],
          "duration": 20405,
          "root": false,
          "rootEmpty": false,
          "_timeout": 2000
        },
        {
          "uuid": "6bd7f09d-be70-4b7f-b545-1143e1da5782",
          "title": "5 - Faça com que cada elemento do quadro de pixels possua 40 pixels de largura, 40 pixels de altura e seja delimitado por uma borda preta de 1 pixel.",
          "fullFile": "",
          "file": "",
          "beforeHooks": [],
          "afterHooks": [],
          "tests": [
            {
              "title": "Verifica se o quadro de pixels tem altura e comprimento de 5 elementos",
              "fullTitle": "5 - Faça com que cada elemento do quadro de pixels possua 40 pixels de largura, 40 pixels de altura e seja delimitado por uma borda preta de 1 pixel. Verifica se o quadro de pixels tem altura e comprimento de 5 elementos",
              "timedOut": null,
              "duration": 4816,
              "state": "failed",
              "speed": null,
              "pass": false,
              "fail": true,
              "pending": false,
              "context": null,
              "code": "cy.get('.pixel').should('have.length', 25).each(function (pixel) {\n  expect(pixel).to.have.css('background-color', WHITE);\n}).and(function (pixels) {\n  var rows = chunk(pixels, 5);\n  rows.forEach(function (row) {\n    for (var index = 1; index < row.length; index += 1) {\n      var current = pixels[index];\n      var previous = pixels[index - 1];\n      cy.wrap(current).should('be.onTheRightOf', previous).and('be.horizontallyAlignedWith', previous);\n    }\n  });\n  for (var index = 1; index < 5; index += 1) {\n    expect(pixels[index * 5]).to.be.belowOf(pixels[(index - 1) * 5]);\n  }\n});",
              "err": {
                "message": "CypressError: Timed out retrying: Expected to find element: '.pixel', but never found it.",
                "estack": "CypressError: Timed out retrying: Expected to find element: '.pixel', but never found it.\n    at cypressErr (http://localhost:45791/__cypress/runner/cypress_runner.js:149934:9)\n    at throwErr (http://localhost:45791/__cypress/runner/cypress_runner.js:149867:11)\n    at Object.throwErrByPath (http://localhost:45791/__cypress/runner/cypress_runner.js:149915:3)\n    at retry (http://localhost:45791/__cypress/runner/cypress_runner.js:144197:19)\n    at onFailFn (http://localhost:45791/__cypress/runner/cypress_runner.js:132448:16)\n    at tryCatcher (http://localhost:45791/__cypress/runner/cypress_runner.js:167415:23)\n    at Promise._settlePromiseFromHandler (http://localhost:45791/__cypress/runner/cypress_runner.js:165351:31)\n    at Promise._settlePromise (http://localhost:45791/__cypress/runner/cypress_runner.js:165408:18)\n    at Promise._settlePromise0 (http://localhost:45791/__cypress/runner/cypress_runner.js:165453:10)\n    at Promise._settlePromises (http://localhost:45791/__cypress/runner/cypress_runner.js:165528:18)\n    at Async../node_modules/bluebird/js/release/async.js.Async._drainQueue (http://localhost:45791/__cypress/runner/cypress_runner.js:162140:16)\n    at Async../node_modules/bluebird/js/release/async.js.Async._drainQueues (http://localhost:45791/__cypress/runner/cypress_runner.js:162150:10)\n    at Async.drainQueues (http://localhost:45791/__cypress/runner/cypress_runner.js:162024:14)",
                "diff": null
              },
              "uuid": "1c6a2aca-62e1-43d1-aa62-fcb0a4d3fc68",
              "parentUUID": "6bd7f09d-be70-4b7f-b545-1143e1da5782",
              "isHook": false,
              "skipped": false
            },
            {
              "title": "Verifica se 40 pixels é o tamanho total do elemento, incluindo seu conteúdo e excluindo a borda preta, que deve ser criada à parte.",
              "fullTitle": "5 - Faça com que cada elemento do quadro de pixels possua 40 pixels de largura, 40 pixels de altura e seja delimitado por uma borda preta de 1 pixel. Verifica se 40 pixels é o tamanho total do elemento, incluindo seu conteúdo e excluindo a borda preta, que deve ser criada à parte.",
              "timedOut": null,
              "duration": 5026,
              "state": "failed",
              "speed": null,
              "pass": false,
              "fail": true,
              "pending": false,
              "context": null,
              "code": "cy.get('.pixel').each(function (pixel) {\n  cy.wrap(pixel).should('have.css', 'height', '40px').and('have.css', 'width', '40px').and('have.css', 'border', \"1px solid \".concat(BLACK));\n});",
              "err": {
                "message": "CypressError: Timed out retrying: Expected to find element: '.pixel', but never found it.",
                "estack": "CypressError: Timed out retrying: Expected to find element: '.pixel', but never found it.\n    at cypressErr (http://localhost:45791/__cypress/runner/cypress_runner.js:149934:9)\n    at throwErr (http://localhost:45791/__cypress/runner/cypress_runner.js:149867:11)\n    at Object.throwErrByPath (http://localhost:45791/__cypress/runner/cypress_runner.js:149915:3)\n    at retry (http://localhost:45791/__cypress/runner/cypress_runner.js:144197:19)\n    at onFailFn (http://localhost:45791/__cypress/runner/cypress_runner.js:132448:16)\n    at tryCatcher (http://localhost:45791/__cypress/runner/cypress_runner.js:167415:23)\n    at Promise._settlePromiseFromHandler (http://localhost:45791/__cypress/runner/cypress_runner.js:165351:31)\n    at Promise._settlePromise (http://localhost:45791/__cypress/runner/cypress_runner.js:165408:18)\n    at Promise._settlePromise0 (http://localhost:45791/__cypress/runner/cypress_runner.js:165453:10)\n    at Promise._settlePromises (http://localhost:45791/__cypress/runner/cypress_runner.js:165528:18)\n    at Async../node_modules/bluebird/js/release/async.js.Async._drainQueue (http://localhost:45791/__cypress/runner/cypress_runner.js:162140:16)\n    at Async../node_modules/bluebird/js/release/async.js.Async._drainQueues (http://localhost:45791/__cypress/runner/cypress_runner.js:162150:10)\n    at Async.drainQueues (http://localhost:45791/__cypress/runner/cypress_runner.js:162024:14)",
                "diff": null
              },
              "uuid": "d4c5daf3-34b6-4f7a-b57f-d1090b1b063a",
              "parentUUID": "6bd7f09d-be70-4b7f-b545-1143e1da5782",
              "isHook": false,
              "skipped": false
            }
          ],
          "suites": [],
          "passes": [],
          "failures": [
            "1c6a2aca-62e1-43d1-aa62-fcb0a4d3fc68",
            "d4c5daf3-34b6-4f7a-b57f-d1090b1b063a"
          ],
          "pending": [],
          "skipped": [],
          "duration": 9842,
          "root": false,
          "rootEmpty": false,
          "_timeout": 2000
        },
        {
          "uuid": "ef5cdb16-effa-42f1-b1f4-f68662bdefd0",
          "title": "6 - Defina a cor preta como cor inicial. Ao carregar a página a cor preta já deve estar selecionada para pintar os pixels",
          "fullFile": "",
          "file": "",
          "beforeHooks": [],
          "afterHooks": [],
          "tests": [
            {
              "title": "Verifica se o elemento da cor preta possui, inicialmente, a `classe` `selected`",
              "fullTitle": "6 - Defina a cor preta como cor inicial. Ao carregar a página a cor preta já deve estar selecionada para pintar os pixels Verifica se o elemento da cor preta possui, inicialmente, a `classe` `selected`",
              "timedOut": null,
              "duration": 5293,
              "state": "failed",
              "speed": null,
              "pass": false,
              "fail": true,
              "pending": false,
              "context": null,
              "code": "cy.get('.selected').first().should('have.css', 'background-color', BLACK);",
              "err": {
                "message": "CypressError: Timed out retrying: Expected to find element: '.selected', but never found it.",
                "estack": "CypressError: Timed out retrying: Expected to find element: '.selected', but never found it.\n    at cypressErr (http://localhost:45791/__cypress/runner/cypress_runner.js:149934:9)\n    at throwErr (http://localhost:45791/__cypress/runner/cypress_runner.js:149867:11)\n    at Object.throwErrByPath (http://localhost:45791/__cypress/runner/cypress_runner.js:149915:3)\n    at retry (http://localhost:45791/__cypress/runner/cypress_runner.js:144197:19)\n    at onFailFn (http://localhost:45791/__cypress/runner/cypress_runner.js:132448:16)\n    at tryCatcher (http://localhost:45791/__cypress/runner/cypress_runner.js:167415:23)\n    at Promise._settlePromiseFromHandler (http://localhost:45791/__cypress/runner/cypress_runner.js:165351:31)\n    at Promise._settlePromise (http://localhost:45791/__cypress/runner/cypress_runner.js:165408:18)\n    at Promise._settlePromise0 (http://localhost:45791/__cypress/runner/cypress_runner.js:165453:10)\n    at Promise._settlePromises (http://localhost:45791/__cypress/runner/cypress_runner.js:165528:18)\n    at Async../node_modules/bluebird/js/release/async.js.Async._drainQueue (http://localhost:45791/__cypress/runner/cypress_runner.js:162140:16)\n    at Async../node_modules/bluebird/js/release/async.js.Async._drainQueues (http://localhost:45791/__cypress/runner/cypress_runner.js:162150:10)\n    at Async.drainQueues (http://localhost:45791/__cypress/runner/cypress_runner.js:162024:14)",
                "diff": null
              },
              "uuid": "e43e46eb-5c40-421b-9de5-98704493ea9e",
              "parentUUID": "ef5cdb16-effa-42f1-b1f4-f68662bdefd0",
              "isHook": false,
              "skipped": false
            },
            {
              "title": "Verifica se nenhuma outra cor da paleta tem a `classe` `selected`",
              "fullTitle": "6 - Defina a cor preta como cor inicial. Ao carregar a página a cor preta já deve estar selecionada para pintar os pixels Verifica se nenhuma outra cor da paleta tem a `classe` `selected`",
              "timedOut": null,
              "duration": 4882,
              "state": "failed",
              "speed": null,
              "pass": false,
              "fail": true,
              "pending": false,
              "context": null,
              "code": "cy.get('.color:not(:first-child)').each(function (color) {\n  cy.wrap(color).should('not.have.class', 'selected');\n});",
              "err": {
                "message": "CypressError: Timed out retrying: Expected to find element: '.color:not(:first-child)', but never found it.",
                "estack": "CypressError: Timed out retrying: Expected to find element: '.color:not(:first-child)', but never found it.\n    at cypressErr (http://localhost:45791/__cypress/runner/cypress_runner.js:149934:9)\n    at throwErr (http://localhost:45791/__cypress/runner/cypress_runner.js:149867:11)\n    at Object.throwErrByPath (http://localhost:45791/__cypress/runner/cypress_runner.js:149915:3)\n    at retry (http://localhost:45791/__cypress/runner/cypress_runner.js:144197:19)\n    at onFailFn (http://localhost:45791/__cypress/runner/cypress_runner.js:132448:16)\n    at tryCatcher (http://localhost:45791/__cypress/runner/cypress_runner.js:167415:23)\n    at Promise._settlePromiseFromHandler (http://localhost:45791/__cypress/runner/cypress_runner.js:165351:31)\n    at Promise._settlePromise (http://localhost:45791/__cypress/runner/cypress_runner.js:165408:18)\n    at Promise._settlePromise0 (http://localhost:45791/__cypress/runner/cypress_runner.js:165453:10)\n    at Promise._settlePromises (http://localhost:45791/__cypress/runner/cypress_runner.js:165528:18)\n    at Async../node_modules/bluebird/js/release/async.js.Async._drainQueue (http://localhost:45791/__cypress/runner/cypress_runner.js:162140:16)\n    at Async../node_modules/bluebird/js/release/async.js.Async._drainQueues (http://localhost:45791/__cypress/runner/cypress_runner.js:162150:10)\n    at Async.drainQueues (http://localhost:45791/__cypress/runner/cypress_runner.js:162024:14)",
                "diff": null
              },
              "uuid": "1dfd00af-d9cd-4dee-b59b-356113807378",
              "parentUUID": "ef5cdb16-effa-42f1-b1f4-f68662bdefd0",
              "isHook": false,
              "skipped": false
            }
          ],
          "suites": [],
          "passes": [],
          "failures": [
            "e43e46eb-5c40-421b-9de5-98704493ea9e",
            "1dfd00af-d9cd-4dee-b59b-356113807378"
          ],
          "pending": [],
          "skipped": [],
          "duration": 10175,
          "root": false,
          "rootEmpty": false,
          "_timeout": 2000
        },
        {
          "uuid": "244bf6e6-0197-440c-8dfe-3e54ed598e32",
          "title": "7 - Clicar em uma das cores da paleta, faz com que ela seja selecionada e utilizada para preencher os pixels no quadro.",
          "fullFile": "",
          "file": "",
          "beforeHooks": [],
          "afterHooks": [],
          "tests": [
            {
              "title": "Verifica se somente uma cor da paleta de cores tem a classe `selected` de cada vez",
              "fullTitle": "7 - Clicar em uma das cores da paleta, faz com que ela seja selecionada e utilizada para preencher os pixels no quadro. Verifica se somente uma cor da paleta de cores tem a classe `selected` de cada vez",
              "timedOut": null,
              "duration": 5002,
              "state": "failed",
              "speed": null,
              "pass": false,
              "fail": true,
              "pending": false,
              "context": null,
              "code": "cy.get('.color').each(function (selectedColor, selectedColorIndex) {\n  cy.wrap(selectedColor).click();\n  cy.get('.color').each(function (color, colorIndex) {\n    if (colorIndex === selectedColorIndex) {\n      expect(color).to.have[\"class\"]('selected');\n    } else {\n      expect(color).not.to.have[\"class\"]('selected');\n    }\n  });\n});",
              "err": {
                "message": "CypressError: Timed out retrying: Expected to find element: '.color', but never found it.",
                "estack": "CypressError: Timed out retrying: Expected to find element: '.color', but never found it.\n    at cypressErr (http://localhost:45791/__cypress/runner/cypress_runner.js:149934:9)\n    at throwErr (http://localhost:45791/__cypress/runner/cypress_runner.js:149867:11)\n    at Object.throwErrByPath (http://localhost:45791/__cypress/runner/cypress_runner.js:149915:3)\n    at retry (http://localhost:45791/__cypress/runner/cypress_runner.js:144197:19)\n    at onFailFn (http://localhost:45791/__cypress/runner/cypress_runner.js:132448:16)\n    at tryCatcher (http://localhost:45791/__cypress/runner/cypress_runner.js:167415:23)\n    at Promise._settlePromiseFromHandler (http://localhost:45791/__cypress/runner/cypress_runner.js:165351:31)\n    at Promise._settlePromise (http://localhost:45791/__cypress/runner/cypress_runner.js:165408:18)\n    at Promise._settlePromise0 (http://localhost:45791/__cypress/runner/cypress_runner.js:165453:10)\n    at Promise._settlePromises (http://localhost:45791/__cypress/runner/cypress_runner.js:165528:18)\n    at Async../node_modules/bluebird/js/release/async.js.Async._drainQueue (http://localhost:45791/__cypress/runner/cypress_runner.js:162140:16)\n    at Async../node_modules/bluebird/js/release/async.js.Async._drainQueues (http://localhost:45791/__cypress/runner/cypress_runner.js:162150:10)\n    at Async.drainQueues (http://localhost:45791/__cypress/runner/cypress_runner.js:162024:14)",
                "diff": null
              },
              "uuid": "8e7cde5e-4668-479f-afb9-037a5e5f6633",
              "parentUUID": "244bf6e6-0197-440c-8dfe-3e54ed598e32",
              "isHook": false,
              "skipped": false
            },
            {
              "title": "Verifica se os pixels dentro do quadro não têm a classe `selected` quando são clicados",
              "fullTitle": "7 - Clicar em uma das cores da paleta, faz com que ela seja selecionada e utilizada para preencher os pixels no quadro. Verifica se os pixels dentro do quadro não têm a classe `selected` quando são clicados",
              "timedOut": null,
              "duration": 5110,
              "state": "failed",
              "speed": null,
              "pass": false,
              "fail": true,
              "pending": false,
              "context": null,
              "code": "cy.get('.color').each(function (color) {\n  var backgroundColor = color.css('background-color');\n  cy.wrap(color).click();\n  cy.get('.pixel').each(function (pixel) {\n    cy.wrap(pixel).click().should('not.have.class', 'selected');\n  });\n});",
              "err": {
                "message": "CypressError: Timed out retrying: Expected to find element: '.color', but never found it.",
                "estack": "CypressError: Timed out retrying: Expected to find element: '.color', but never found it.\n    at cypressErr (http://localhost:45791/__cypress/runner/cypress_runner.js:149934:9)\n    at throwErr (http://localhost:45791/__cypress/runner/cypress_runner.js:149867:11)\n    at Object.throwErrByPath (http://localhost:45791/__cypress/runner/cypress_runner.js:149915:3)\n    at retry (http://localhost:45791/__cypress/runner/cypress_runner.js:144197:19)\n    at onFailFn (http://localhost:45791/__cypress/runner/cypress_runner.js:132448:16)\n    at tryCatcher (http://localhost:45791/__cypress/runner/cypress_runner.js:167415:23)\n    at Promise._settlePromiseFromHandler (http://localhost:45791/__cypress/runner/cypress_runner.js:165351:31)\n    at Promise._settlePromise (http://localhost:45791/__cypress/runner/cypress_runner.js:165408:18)\n    at Promise._settlePromise0 (http://localhost:45791/__cypress/runner/cypress_runner.js:165453:10)\n    at Promise._settlePromises (http://localhost:45791/__cypress/runner/cypress_runner.js:165528:18)\n    at Async../node_modules/bluebird/js/release/async.js.Async._drainQueue (http://localhost:45791/__cypress/runner/cypress_runner.js:162140:16)\n    at Async../node_modules/bluebird/js/release/async.js.Async._drainQueues (http://localhost:45791/__cypress/runner/cypress_runner.js:162150:10)\n    at Async.drainQueues (http://localhost:45791/__cypress/runner/cypress_runner.js:162024:14)",
                "diff": null
              },
              "uuid": "8350a5e2-8564-4e50-92c7-142a3aefd5d2",
              "parentUUID": "244bf6e6-0197-440c-8dfe-3e54ed598e32",
              "isHook": false,
              "skipped": false
            }
          ],
          "suites": [],
          "passes": [],
          "failures": [
            "8e7cde5e-4668-479f-afb9-037a5e5f6633",
            "8350a5e2-8564-4e50-92c7-142a3aefd5d2"
          ],
          "pending": [],
          "skipped": [],
          "duration": 10112,
          "root": false,
          "rootEmpty": false,
          "_timeout": 2000
        },
        {
          "uuid": "d6ed8cd5-db66-4a12-a533-d45908739ed6",
          "title": "8 - Clicar em um pixel dentro do quadro após selecionar uma cor na paleta, faz com que o pixel seja preenchido com a cor selecionada.",
          "fullFile": "",
          "file": "",
          "beforeHooks": [],
          "afterHooks": [],
          "tests": [
            {
              "title": "Verifica se ao carregar a página deve ser possível pintar os pixels de preto",
              "fullTitle": "8 - Clicar em um pixel dentro do quadro após selecionar uma cor na paleta, faz com que o pixel seja preenchido com a cor selecionada. Verifica se ao carregar a página deve ser possível pintar os pixels de preto",
              "timedOut": null,
              "duration": 5338,
              "state": "failed",
              "speed": null,
              "pass": false,
              "fail": true,
              "pending": false,
              "context": null,
              "code": "cy.get('.pixel').each(function (pixel) {\n  cy.wrap(pixel).click().should('have.css', 'background-color', BLACK);\n});",
              "err": {
                "message": "CypressError: Timed out retrying: Expected to find element: '.pixel', but never found it.",
                "estack": "CypressError: Timed out retrying: Expected to find element: '.pixel', but never found it.\n    at cypressErr (http://localhost:45791/__cypress/runner/cypress_runner.js:149934:9)\n    at throwErr (http://localhost:45791/__cypress/runner/cypress_runner.js:149867:11)\n    at Object.throwErrByPath (http://localhost:45791/__cypress/runner/cypress_runner.js:149915:3)\n    at retry (http://localhost:45791/__cypress/runner/cypress_runner.js:144197:19)\n    at onFailFn (http://localhost:45791/__cypress/runner/cypress_runner.js:132448:16)\n    at tryCatcher (http://localhost:45791/__cypress/runner/cypress_runner.js:167415:23)\n    at Promise._settlePromiseFromHandler (http://localhost:45791/__cypress/runner/cypress_runner.js:165351:31)\n    at Promise._settlePromise (http://localhost:45791/__cypress/runner/cypress_runner.js:165408:18)\n    at Promise._settlePromise0 (http://localhost:45791/__cypress/runner/cypress_runner.js:165453:10)\n    at Promise._settlePromises (http://localhost:45791/__cypress/runner/cypress_runner.js:165528:18)\n    at Async../node_modules/bluebird/js/release/async.js.Async._drainQueue (http://localhost:45791/__cypress/runner/cypress_runner.js:162140:16)\n    at Async../node_modules/bluebird/js/release/async.js.Async._drainQueues (http://localhost:45791/__cypress/runner/cypress_runner.js:162150:10)\n    at Async.drainQueues (http://localhost:45791/__cypress/runner/cypress_runner.js:162024:14)",
                "diff": null
              },
              "uuid": "dcab493c-ad60-433b-8320-8fc1beda1111",
              "parentUUID": "d6ed8cd5-db66-4a12-a533-d45908739ed6",
              "isHook": false,
              "skipped": false
            },
            {
              "title": "Verifica se após selecionar uma outra cor na paleta, é possível pintar os pixels com essa cor",
              "fullTitle": "8 - Clicar em um pixel dentro do quadro após selecionar uma cor na paleta, faz com que o pixel seja preenchido com a cor selecionada. Verifica se após selecionar uma outra cor na paleta, é possível pintar os pixels com essa cor",
              "timedOut": null,
              "duration": 4981,
              "state": "failed",
              "speed": null,
              "pass": false,
              "fail": true,
              "pending": false,
              "context": null,
              "code": "cy.get('.color').each(function (color) {\n  var backgroundColor = color.css('background-color');\n  cy.wrap(color).click();\n  cy.get('.pixel').each(function (pixel) {\n    cy.wrap(pixel).click().should('have.css', 'background-color', backgroundColor);\n  });\n});",
              "err": {
                "message": "CypressError: Timed out retrying: Expected to find element: '.color', but never found it.",
                "estack": "CypressError: Timed out retrying: Expected to find element: '.color', but never found it.\n    at cypressErr (http://localhost:45791/__cypress/runner/cypress_runner.js:149934:9)\n    at throwErr (http://localhost:45791/__cypress/runner/cypress_runner.js:149867:11)\n    at Object.throwErrByPath (http://localhost:45791/__cypress/runner/cypress_runner.js:149915:3)\n    at retry (http://localhost:45791/__cypress/runner/cypress_runner.js:144197:19)\n    at onFailFn (http://localhost:45791/__cypress/runner/cypress_runner.js:132448:16)\n    at tryCatcher (http://localhost:45791/__cypress/runner/cypress_runner.js:167415:23)\n    at Promise._settlePromiseFromHandler (http://localhost:45791/__cypress/runner/cypress_runner.js:165351:31)\n    at Promise._settlePromise (http://localhost:45791/__cypress/runner/cypress_runner.js:165408:18)\n    at Promise._settlePromise0 (http://localhost:45791/__cypress/runner/cypress_runner.js:165453:10)\n    at Promise._settlePromises (http://localhost:45791/__cypress/runner/cypress_runner.js:165528:18)\n    at Async../node_modules/bluebird/js/release/async.js.Async._drainQueue (http://localhost:45791/__cypress/runner/cypress_runner.js:162140:16)\n    at Async../node_modules/bluebird/js/release/async.js.Async._drainQueues (http://localhost:45791/__cypress/runner/cypress_runner.js:162150:10)\n    at Async.drainQueues (http://localhost:45791/__cypress/runner/cypress_runner.js:162024:14)",
                "diff": null
              },
              "uuid": "a467c157-7321-42ae-9e97-bd963613811d",
              "parentUUID": "d6ed8cd5-db66-4a12-a533-d45908739ed6",
              "isHook": false,
              "skipped": false
            },
            {
              "title": "Verifica se somente o pixel que foi clicado foi preenchido com a cor selecionada, sem influenciar na cor dos demais pixels.",
              "fullTitle": "8 - Clicar em um pixel dentro do quadro após selecionar uma cor na paleta, faz com que o pixel seja preenchido com a cor selecionada. Verifica se somente o pixel que foi clicado foi preenchido com a cor selecionada, sem influenciar na cor dos demais pixels.",
              "timedOut": null,
              "duration": 5299,
              "state": "failed",
              "speed": null,
              "pass": false,
              "fail": true,
              "pending": false,
              "context": null,
              "code": "var colorToPixelIndexMap = {\n  0: 6,\n  1: 8,\n  2: 16,\n  3: 18\n};\ncy.get('.color').each(function (color, index) {\n  cy.wrap(color).click();\n  var backgroundColor = color.css('background-color');\n  var clickedPixelIndex = colorToPixelIndexMap[index];\n  cy.get('.pixel').eq(clickedPixelIndex).click();\n  cy.get('.pixel').eq(clickedPixelIndex - 1).should('not.have.css', 'background-color', backgroundColor);\n  cy.get('.pixel').eq(clickedPixelIndex + 1).should('not.have.css', 'background-color', backgroundColor);\n  cy.get('.pixel').eq(clickedPixelIndex - 5).should('not.have.css', 'background-color', backgroundColor);\n  cy.get('.pixel').eq(clickedPixelIndex + 5).should('not.have.css', 'background-color', backgroundColor);\n  cy.get('.pixel').eq(clickedPixelIndex - 6).should('not.have.css', 'background-color', backgroundColor);\n  cy.get('.pixel').eq(clickedPixelIndex - 4).should('not.have.css', 'background-color', backgroundColor);\n  cy.get('.pixel').eq(clickedPixelIndex + 4).should('not.have.css', 'background-color', backgroundColor);\n  cy.get('.pixel').eq(clickedPixelIndex + 6).should('not.have.css', 'background-color', backgroundColor);\n});",
              "err": {
                "message": "CypressError: Timed out retrying: Expected to find element: '.color', but never found it.",
                "estack": "CypressError: Timed out retrying: Expected to find element: '.color', but never found it.\n    at cypressErr (http://localhost:45791/__cypress/runner/cypress_runner.js:149934:9)\n    at throwErr (http://localhost:45791/__cypress/runner/cypress_runner.js:149867:11)\n    at Object.throwErrByPath (http://localhost:45791/__cypress/runner/cypress_runner.js:149915:3)\n    at retry (http://localhost:45791/__cypress/runner/cypress_runner.js:144197:19)\n    at onFailFn (http://localhost:45791/__cypress/runner/cypress_runner.js:132448:16)\n    at tryCatcher (http://localhost:45791/__cypress/runner/cypress_runner.js:167415:23)\n    at Promise._settlePromiseFromHandler (http://localhost:45791/__cypress/runner/cypress_runner.js:165351:31)\n    at Promise._settlePromise (http://localhost:45791/__cypress/runner/cypress_runner.js:165408:18)\n    at Promise._settlePromise0 (http://localhost:45791/__cypress/runner/cypress_runner.js:165453:10)\n    at Promise._settlePromises (http://localhost:45791/__cypress/runner/cypress_runner.js:165528:18)\n    at Async../node_modules/bluebird/js/release/async.js.Async._drainQueue (http://localhost:45791/__cypress/runner/cypress_runner.js:162140:16)\n    at Async../node_modules/bluebird/js/release/async.js.Async._drainQueues (http://localhost:45791/__cypress/runner/cypress_runner.js:162150:10)\n    at Async.drainQueues (http://localhost:45791/__cypress/runner/cypress_runner.js:162024:14)",
                "diff": null
              },
              "uuid": "ee6cd4c7-123f-4d63-ac8f-3d0bc09bb33d",
              "parentUUID": "d6ed8cd5-db66-4a12-a533-d45908739ed6",
              "isHook": false,
              "skipped": false
            }
          ],
          "suites": [],
          "passes": [],
          "failures": [
            "dcab493c-ad60-433b-8320-8fc1beda1111",
            "a467c157-7321-42ae-9e97-bd963613811d",
            "ee6cd4c7-123f-4d63-ac8f-3d0bc09bb33d"
          ],
          "pending": [],
          "skipped": [],
          "duration": 15618,
          "root": false,
          "rootEmpty": false,
          "_timeout": 2000
        },
        {
          "uuid": "f8ddce72-996d-4fb9-836b-5f13dc3f5020",
          "title": "9 - Crie um botão que, ao ser clicado, limpa o quadro preenchendo a cor de todos seus pixels com branco.",
          "fullFile": "",
          "file": "",
          "beforeHooks": [],
          "afterHooks": [],
          "tests": [
            {
              "title": "Verifica se o botão tem o `id` denominado `clear-board`",
              "fullTitle": "9 - Crie um botão que, ao ser clicado, limpa o quadro preenchendo a cor de todos seus pixels com branco. Verifica se o botão tem o `id` denominado `clear-board`",
              "timedOut": null,
              "duration": 5016,
              "state": "failed",
              "speed": null,
              "pass": false,
              "fail": true,
              "pending": false,
              "context": null,
              "code": "cy.get('#clear-board').should('be.visible');",
              "err": {
                "message": "CypressError: Timed out retrying: Expected to find element: '#clear-board', but never found it.",
                "estack": "CypressError: Timed out retrying: Expected to find element: '#clear-board', but never found it.\n    at cypressErr (http://localhost:45791/__cypress/runner/cypress_runner.js:149934:9)\n    at throwErr (http://localhost:45791/__cypress/runner/cypress_runner.js:149867:11)\n    at Object.throwErrByPath (http://localhost:45791/__cypress/runner/cypress_runner.js:149915:3)\n    at retry (http://localhost:45791/__cypress/runner/cypress_runner.js:144197:19)\n    at onFailFn (http://localhost:45791/__cypress/runner/cypress_runner.js:132448:16)\n    at tryCatcher (http://localhost:45791/__cypress/runner/cypress_runner.js:167415:23)\n    at Promise._settlePromiseFromHandler (http://localhost:45791/__cypress/runner/cypress_runner.js:165351:31)\n    at Promise._settlePromise (http://localhost:45791/__cypress/runner/cypress_runner.js:165408:18)\n    at Promise._settlePromise0 (http://localhost:45791/__cypress/runner/cypress_runner.js:165453:10)\n    at Promise._settlePromises (http://localhost:45791/__cypress/runner/cypress_runner.js:165528:18)\n    at Async../node_modules/bluebird/js/release/async.js.Async._drainQueue (http://localhost:45791/__cypress/runner/cypress_runner.js:162140:16)\n    at Async../node_modules/bluebird/js/release/async.js.Async._drainQueues (http://localhost:45791/__cypress/runner/cypress_runner.js:162150:10)\n    at Async.drainQueues (http://localhost:45791/__cypress/runner/cypress_runner.js:162024:14)",
                "diff": null
              },
              "uuid": "7d2977dc-16dc-4a18-9b14-23d57d0c16aa",
              "parentUUID": "f8ddce72-996d-4fb9-836b-5f13dc3f5020",
              "isHook": false,
              "skipped": false
            },
            {
              "title": "Verifica se o botão está posicionado entre a paleta de cores e o quadro de pixels",
              "fullTitle": "9 - Crie um botão que, ao ser clicado, limpa o quadro preenchendo a cor de todos seus pixels com branco. Verifica se o botão está posicionado entre a paleta de cores e o quadro de pixels",
              "timedOut": null,
              "duration": 4917,
              "state": "failed",
              "speed": null,
              "pass": false,
              "fail": true,
              "pending": false,
              "context": null,
              "code": "cy.get('#color-palette').then(function (palette) {\n  cy.get('#clear-board').should('be.belowOf', palette);\n});\ncy.get('#clear-board').then(function (clearBtn) {\n  cy.get('#pixel-board').should('be.belowOf', clearBtn);\n});",
              "err": {
                "message": "CypressError: Timed out retrying: Expected to find element: '#color-palette', but never found it.",
                "estack": "CypressError: Timed out retrying: Expected to find element: '#color-palette', but never found it.\n    at cypressErr (http://localhost:45791/__cypress/runner/cypress_runner.js:149934:9)\n    at throwErr (http://localhost:45791/__cypress/runner/cypress_runner.js:149867:11)\n    at Object.throwErrByPath (http://localhost:45791/__cypress/runner/cypress_runner.js:149915:3)\n    at retry (http://localhost:45791/__cypress/runner/cypress_runner.js:144197:19)\n    at onFailFn (http://localhost:45791/__cypress/runner/cypress_runner.js:132448:16)\n    at tryCatcher (http://localhost:45791/__cypress/runner/cypress_runner.js:167415:23)\n    at Promise._settlePromiseFromHandler (http://localhost:45791/__cypress/runner/cypress_runner.js:165351:31)\n    at Promise._settlePromise (http://localhost:45791/__cypress/runner/cypress_runner.js:165408:18)\n    at Promise._settlePromise0 (http://localhost:45791/__cypress/runner/cypress_runner.js:165453:10)\n    at Promise._settlePromises (http://localhost:45791/__cypress/runner/cypress_runner.js:165528:18)\n    at Async../node_modules/bluebird/js/release/async.js.Async._drainQueue (http://localhost:45791/__cypress/runner/cypress_runner.js:162140:16)\n    at Async../node_modules/bluebird/js/release/async.js.Async._drainQueues (http://localhost:45791/__cypress/runner/cypress_runner.js:162150:10)\n    at Async.drainQueues (http://localhost:45791/__cypress/runner/cypress_runner.js:162024:14)",
                "diff": null
              },
              "uuid": "b32b99f7-c391-469e-9707-e4488ce4ab3e",
              "parentUUID": "f8ddce72-996d-4fb9-836b-5f13dc3f5020",
              "isHook": false,
              "skipped": false
            },
            {
              "title": "Verifica se o texto do botão é 'Limpar'",
              "fullTitle": "9 - Crie um botão que, ao ser clicado, limpa o quadro preenchendo a cor de todos seus pixels com branco. Verifica se o texto do botão é 'Limpar'",
              "timedOut": null,
              "duration": 5136,
              "state": "failed",
              "speed": null,
              "pass": false,
              "fail": true,
              "pending": false,
              "context": null,
              "code": "cy.get('#clear-board').should('contain.text', 'Limpar');",
              "err": {
                "message": "CypressError: Timed out retrying: Expected to find element: '#clear-board', but never found it.",
                "estack": "CypressError: Timed out retrying: Expected to find element: '#clear-board', but never found it.\n    at cypressErr (http://localhost:45791/__cypress/runner/cypress_runner.js:149934:9)\n    at throwErr (http://localhost:45791/__cypress/runner/cypress_runner.js:149867:11)\n    at Object.throwErrByPath (http://localhost:45791/__cypress/runner/cypress_runner.js:149915:3)\n    at retry (http://localhost:45791/__cypress/runner/cypress_runner.js:144197:19)\n    at onFailFn (http://localhost:45791/__cypress/runner/cypress_runner.js:132448:16)\n    at tryCatcher (http://localhost:45791/__cypress/runner/cypress_runner.js:167415:23)\n    at Promise._settlePromiseFromHandler (http://localhost:45791/__cypress/runner/cypress_runner.js:165351:31)\n    at Promise._settlePromise (http://localhost:45791/__cypress/runner/cypress_runner.js:165408:18)\n    at Promise._settlePromise0 (http://localhost:45791/__cypress/runner/cypress_runner.js:165453:10)\n    at Promise._settlePromises (http://localhost:45791/__cypress/runner/cypress_runner.js:165528:18)\n    at Async../node_modules/bluebird/js/release/async.js.Async._drainQueue (http://localhost:45791/__cypress/runner/cypress_runner.js:162140:16)\n    at Async../node_modules/bluebird/js/release/async.js.Async._drainQueues (http://localhost:45791/__cypress/runner/cypress_runner.js:162150:10)\n    at Async.drainQueues (http://localhost:45791/__cypress/runner/cypress_runner.js:162024:14)",
                "diff": null
              },
              "uuid": "d3207610-5281-4f5f-9361-952ff2432e42",
              "parentUUID": "f8ddce72-996d-4fb9-836b-5f13dc3f5020",
              "isHook": false,
              "skipped": false
            },
            {
              "title": "Verifica se ao clicar no botão, o quadro de pixels é totalmente preenchido de branco",
              "fullTitle": "9 - Crie um botão que, ao ser clicado, limpa o quadro preenchendo a cor de todos seus pixels com branco. Verifica se ao clicar no botão, o quadro de pixels é totalmente preenchido de branco",
              "timedOut": null,
              "duration": 4903,
              "state": "failed",
              "speed": null,
              "pass": false,
              "fail": true,
              "pending": false,
              "context": null,
              "code": "cy.get('.color').eq(1).then(function (color) {\n  var backgroundColor = color.css('background-color');\n  cy.wrap(color).click();\n  cy.get('.pixel').each(function (pixel) {\n    cy.wrap(pixel).click().should('have.css', 'background-color', backgroundColor);\n  });\n});\ncy.get('#clear-board').click();\ncy.get('.pixel').each(function (pixel) {\n  cy.wrap(pixel).should('have.css', 'background-color', WHITE);\n});",
              "err": {
                "message": "CypressError: Timed out retrying: Expected to find element: '.color', but never found it.",
                "estack": "CypressError: Timed out retrying: Expected to find element: '.color', but never found it.\n    at cypressErr (http://localhost:45791/__cypress/runner/cypress_runner.js:149934:9)\n    at throwErr (http://localhost:45791/__cypress/runner/cypress_runner.js:149867:11)\n    at Object.throwErrByPath (http://localhost:45791/__cypress/runner/cypress_runner.js:149915:3)\n    at retry (http://localhost:45791/__cypress/runner/cypress_runner.js:144197:19)\n    at onFailFn (http://localhost:45791/__cypress/runner/cypress_runner.js:132448:16)\n    at tryCatcher (http://localhost:45791/__cypress/runner/cypress_runner.js:167415:23)\n    at Promise._settlePromiseFromHandler (http://localhost:45791/__cypress/runner/cypress_runner.js:165351:31)\n    at Promise._settlePromise (http://localhost:45791/__cypress/runner/cypress_runner.js:165408:18)\n    at Promise._settlePromise0 (http://localhost:45791/__cypress/runner/cypress_runner.js:165453:10)\n    at Promise._settlePromises (http://localhost:45791/__cypress/runner/cypress_runner.js:165528:18)\n    at Async../node_modules/bluebird/js/release/async.js.Async._drainQueue (http://localhost:45791/__cypress/runner/cypress_runner.js:162140:16)\n    at Async../node_modules/bluebird/js/release/async.js.Async._drainQueues (http://localhost:45791/__cypress/runner/cypress_runner.js:162150:10)\n    at Async.drainQueues (http://localhost:45791/__cypress/runner/cypress_runner.js:162024:14)",
                "diff": null
              },
              "uuid": "b058a31a-cf27-4e68-9330-1af92f9b9016",
              "parentUUID": "f8ddce72-996d-4fb9-836b-5f13dc3f5020",
              "isHook": false,
              "skipped": false
            }
          ],
          "suites": [],
          "passes": [],
          "failures": [
            "7d2977dc-16dc-4a18-9b14-23d57d0c16aa",
            "b32b99f7-c391-469e-9707-e4488ce4ab3e",
            "d3207610-5281-4f5f-9361-952ff2432e42",
            "b058a31a-cf27-4e68-9330-1af92f9b9016"
          ],
          "pending": [],
          "skipped": [],
          "duration": 19972,
          "root": false,
          "rootEmpty": false,
          "_timeout": 2000
        },
        {
          "uuid": "97354bc1-1bd8-4dab-a2fa-86e0b99c5309",
          "title": "10 - Faça o quadro de pixels ter seu tamanho definido pelo usuário.",
          "fullFile": "",
          "file": "",
          "beforeHooks": [],
          "afterHooks": [],
          "tests": [
            {
              "title": "Verifica se existe um input com o id `board-size`",
              "fullTitle": "10 - Faça o quadro de pixels ter seu tamanho definido pelo usuário. Verifica se existe um input com o id `board-size`",
              "timedOut": null,
              "duration": 5276,
              "state": "failed",
              "speed": null,
              "pass": false,
              "fail": true,
              "pending": false,
              "context": null,
              "code": "cy.get('#board-size').should('be.visible');",
              "err": {
                "message": "CypressError: Timed out retrying: Expected to find element: '#board-size', but never found it.",
[...]
                "diff": null
              },
              "uuid": "a5f7e7c3-2005-4aed-a63c-8d3a519bd084",
              "parentUUID": "97354bc1-1bd8-4dab-a2fa-86e0b99c5309",
              "isHook": false,
              "skipped": false
            },
            {
              "title": "Verifica se o novo quadro tem todos os pixels preenchidos com a cor branca",
              "fullTitle": "10 - Faça o quadro de pixels ter seu tamanho definido pelo usuário. Verifica se o novo quadro tem todos os pixels preenchidos com a cor branca",
              "timedOut": null,
              "duration": 5488,
              "state": "failed",
              "speed": null,
              "pass": false,
              "fail": true,
              "pending": false,
              "context": null,
              "code": "cy.get('#board-size').clear().type(6);\ncy.get('#generate-board').click();\ncy.get('.pixel').should('have.length', 36).each(function (pixel) {\n  expect(pixel).to.have.css('background-color', WHITE);\n});",
              "err": {
                "message": "CypressError: Timed out retrying: Expected to find element: '#board-size', but never found it.",
                "estack": "CypressError: Timed out retrying: Expected to find element: '#board-size', but never found it.\n    at cypressErr (http://localhost:45791/__cypress/runner/cypress_runner.js:149934:9)\n    at throwErr (http://localhost:45791/__cypress/runner/cypress_runner.js:149867:11)\n    at Object.throwErrByPath (http://localhost:45791/__cypress/runner/cypress_runner.js:149915:3)\n    at retry (http://localhost:45791/__cypress/runner/cypress_runner.js:144197:19)\n    at onFailFn (http://localhost:45791/__cypress/runner/cypress_runner.js:132448:16)\n    at tryCatcher (http://localhost:45791/__cypress/runner/cypress_runner.js:167415:23)\n    at Promise._settlePromiseFromHandler (http://localhost:45791/__cypress/runner/cypress_runner.js:165351:31)\n    at Promise._settlePromise (http://localhost:45791/__cypress/runner/cypress_runner.js:165408:18)\n    at Promise._settlePromise0 (http://localhost:45791/__cypress/runner/cypress_runner.js:165453:10)\n    at Promise._settlePromises (http://localhost:45791/__cypress/runner/cypress_runner.js:165528:18)\n    at Async../node_modules/bluebird/js/release/async.js.Async._drainQueue (http://localhost:45791/__cypress/runner/cypress_runner.js:162140:16)\n    at Async../node_modules/bluebird/js/release/async.js.Async._drainQueues (http://localhost:45791/__cypress/runner/cypress_runner.js:162150:10)\n    at Async.drainQueues (http://localhost:45791/__cypress/runner/cypress_runner.js:162024:14)",
                "diff": null
              },
              "uuid": "5ab6bc12-972e-41f7-801c-35ec0987a727",
              "parentUUID": "97354bc1-1bd8-4dab-a2fa-86e0b99c5309",
              "isHook": false,
              "skipped": false
            }
          ],
          "suites": [],
          "passes": [],
          "failures": [
            "1d101a8f-15f1-4b9d-b977-5f328910b2fb",
            "bf98da04-2714-43bf-8d67-51391d10aef4",
            "0b9c1e7d-743f-4e04-9084-134bf9495280",
            "73288e35-ba0a-4908-b7f7-ab80ef70f1e8",
            "8ff80920-692f-40da-bcee-9ef6be020f5b",
            "73d1b2ea-c62a-4d5e-afbc-6bd6d8b3143b",
            "0a92900e-4a30-4a53-8e9c-8251e52499ff",
            "a5f7e7c3-2005-4aed-a63c-8d3a519bd084",
            "5ab6bc12-972e-41f7-801c-35ec0987a727"
          ],
          "pending": [],
          "skipped": [],
          "duration": 47801,
          "root": false,
          "rootEmpty": false,
          "_timeout": 2000
        },
        {
          "uuid": "aafedb42-a606-4605-be00-3541342e22ca",
          "title": "11 - Limite o tamanho mínimo e máximo do board.",
          "fullFile": "",
          "file": "",
          "beforeHooks": [],
          "afterHooks": [],
          "tests": [
            {
              "title": "Verifica se a altura máxima do board é 50",
              "fullTitle": "11 - Limite o tamanho mínimo e máximo do board. Verifica se a altura máxima do board é 50",
              "timedOut": null,
              "duration": 5786,
              "state": "failed",
              "speed": null,
              "pass": false,
              "fail": true,
              "pending": false,
              "context": null,
              "code": "cy.get('#board-size').clear().type(50);\ncy.get('#generate-board').click();\ncy.get('.pixel').should('have.length', 2500);",
              "err": {
                "message": "CypressError: Timed out retrying: Expected to find element: '#board-size', but never found it.",
                "estack": "CypressError: Timed out retrying: Expected to find element: '#board-size', but never found it.\n    at cypressErr (http://localhost:45791/__cypress/runner/cypress_runner.js:149934:9)\n    at throwErr (http://localhost:45791/__cypress/runner/cypress_runner.js:149867:11)\n    at Object.throwErrByPath (http://localhost:45791/__cypress/runner/cypress_runner.js:149915:3)\n    at retry (http://localhost:45791/__cypress/runner/cypress_runner.js:144197:19)\n    at onFailFn (http://localhost:45791/__cypress/runner/cypress_runner.js:132448:16)\n    at tryCatcher (http://localhost:45791/__cypress/runner/cypress_runner.js:167415:23)\n    at Promise._settlePromiseFromHandler (http://localhost:45791/__cypress/runner/cypress_runner.js:165351:31)\n    at Promise._settlePromise (http://localhost:45791/__cypress/runner/cypress_runner.js:165408:18)\n    at Promise._settlePromise0 (http://localhost:45791/__cypress/runner/cypress_runner.js:165453:10)\n    at Promise._settlePromises (http://localhost:45791/__cypress/runner/cypress_runner.js:165528:18)\n    at Async../node_modules/bluebird/js/release/async.js.Async._drainQueue (http://localhost:45791/__cypress/runner/cypress_runner.js:162140:16)\n    at Async../node_modules/bluebird/js/release/async.js.Async._drainQueues (http://localhost:45791/__cypress/runner/cypress_runner.js:162150:10)\n    at Async.drainQueues (http://localhost:45791/__cypress/runner/cypress_runner.js:162024:14)",
                "diff": null
              },
              "uuid": "f4766d4a-4d80-4007-bec3-03140d6c5aaa",
              "parentUUID": "aafedb42-a606-4605-be00-3541342e22ca",
              "isHook": false,
              "skipped": false
            },
            {
              "title": "Verifica se a altura do board é 5 quando um valor menor é colocado no input",
              "fullTitle": "11 - Limite o tamanho mínimo e máximo do board. Verifica se a altura do board é 5 quando um valor menor é colocado no input",
              "timedOut": null,
              "duration": 5489,
              "state": "failed",
              "speed": null,
              "pass": false,
              "fail": true,
              "pending": false,
              "context": null,
              "code": "cy.get('#board-size').clear().type(4);\ncy.get('#generate-board').click();\ncy.get('.pixel').should('have.length', 25);",
              "err": {
                "message": "CypressError: Timed out retrying: Expected to find element: '#board-size', but never found it.",
                "estack": "CypressError: Timed out retrying: Expected to find element: '#board-size', but never found it.\n    at cypressErr (http://localhost:45791/__cypress/runner/cypress_runner.js:149934:9)\n    at throwErr (http://localhost:45791/__cypress/runner/cypress_runner.js:149867:11)\n    at Object.throwErrByPath (http://localhost:45791/__cypress/runner/cypress_runner.js:149915:3)\n    at retry (http://localhost:45791/__cypress/runner/cypress_runner.js:144197:19)\n    at onFailFn (http://localhost:45791/__cypress/runner/cypress_runner.js:132448:16)\n    at tryCatcher (http://localhost:45791/__cypress/runner/cypress_runner.js:167415:23)\n    at Promise._settlePromiseFromHandler (http://localhost:45791/__cypress/runner/cypress_runner.js:165351:31)\n    at Promise._settlePromise (http://localhost:45791/__cypress/runner/cypress_runner.js:165408:18)\n    at Promise._settlePromise0 (http://localhost:45791/__cypress/runner/cypress_runner.js:165453:10)\n    at Promise._settlePromises (http://localhost:45791/__cypress/runner/cypress_runner.js:165528:18)\n    at Async../node_modules/bluebird/js/release/async.js.Async._drainQueue (http://localhost:45791/__cypress/runner/cypress_runner.js:162140:16)\n    at Async../node_modules/bluebird/js/release/async.js.Async._drainQueues (http://localhost:45791/__cypress/runner/cypress_runner.js:162150:10)\n    at Async.drainQueues (http://localhost:45791/__cypress/runner/cypress_runner.js:162024:14)",
                "diff": null
              },
              "uuid": "d275c609-91cd-495f-8d9d-3c3ac54cbf34",
              "parentUUID": "aafedb42-a606-4605-be00-3541342e22ca",
              "isHook": false,
              "skipped": false
            },
            {
              "title": "Verifica se a altura do board é 50 quando um valor maior é colocado no input",
              "fullTitle": "11 - Limite o tamanho mínimo e máximo do board. Verifica se a altura do board é 50 quando um valor maior é colocado no input",
              "timedOut": null,
              "duration": 5728,
              "state": "failed",
              "speed": null,
              "pass": false,
              "fail": true,
              "pending": false,
              "context": null,
              "code": "cy.get('#board-size').clear().type(51);\ncy.get('#generate-board').click();\ncy.get('.pixel').should('have.length', 2500);",
              "err": {
                "message": "CypressError: Timed out retrying: Expected to find element: '#board-size', but never found it.",
                "estack": "CypressError: Timed out retrying: Expected to find element: '#board-size', but never found it.\n    at cypressErr (http://localhost:45791/__cypress/runner/cypress_runner.js:149934:9)\n    at throwErr (http://localhost:45791/__cypress/runner/cypress_runner.js:149867:11)\n    at Object.throwErrByPath (http://localhost:45791/__cypress/runner/cypress_runner.js:149915:3)\n    at retry (http://localhost:45791/__cypress/runner/cypress_runner.js:144197:19)\n    at onFailFn (http://localhost:45791/__cypress/runner/cypress_runner.js:132448:16)\n    at tryCatcher (http://localhost:45791/__cypress/runner/cypress_runner.js:167415:23)\n    at Promise._settlePromiseFromHandler (http://localhost:45791/__cypress/runner/cypress_runner.js:165351:31)\n    at Promise._settlePromise (http://localhost:45791/__cypress/runner/cypress_runner.js:165408:18)\n    at Promise._settlePromise0 (http://localhost:45791/__cypress/runner/cypress_runner.js:165453:10)\n    at Promise._settlePromises (http://localhost:45791/__cypress/runner/cypress_runner.js:165528:18)\n    at Async../node_modules/bluebird/js/release/async.js.Async._drainQueue (http://localhost:45791/__cypress/runner/cypress_runner.js:162140:16)\n    at Async../node_modules/bluebird/js/release/async.js.Async._drainQueues (http://localhost:45791/__cypress/runner/cypress_runner.js:162150:10)\n    at Async.drainQueues (http://localhost:45791/__cypress/runner/cypress_runner.js:162024:14)",
                "diff": null
              },
              "uuid": "5614387f-8cfc-4fcf-ab9c-93e2c4edd634",
              "parentUUID": "aafedb42-a606-4605-be00-3541342e22ca",
              "isHook": false,
              "skipped": false
            }
          ],
          "suites": [],
          "passes": [],
          "failures": [
            "f4766d4a-4d80-4007-bec3-03140d6c5aaa",
            "d275c609-91cd-495f-8d9d-3c3ac54cbf34",
            "5614387f-8cfc-4fcf-ab9c-93e2c4edd634"
          ],
          "pending": [],
          "skipped": [],
          "duration": 17003,
          "root": false,
          "rootEmpty": false,
          "_timeout": 2000
        },
        {
          "uuid": "d823719f-5fb2-46a1-8494-b18c2b8a5529",
          "title": "12 - Faça com que as cores da paleta sejam geradas aleatoriamente ao carregar a página.",
          "fullFile": "",
          "file": "",
          "beforeHooks": [],
          "afterHooks": [],
          "tests": [
            {
              "title": "Verifica se as cores geradas na paleta são diferentes a cada carregamento da página",
              "fullTitle": "12 - Faça com que as cores da paleta sejam geradas aleatoriamente ao carregar a página. Verifica se as cores geradas na paleta são diferentes a cada carregamento da página",
              "timedOut": null,
              "duration": 5543,
              "state": "failed",
              "speed": null,
              "pass": false,
              "fail": true,
              "pending": false,
              "context": null,
              "code": "cy.get('.color').then(function (colors) {\n  var currentColors;\n  var previousColors;\n  previousColors = Array.from(colors).map(function (color) {\n    return Cypress.$(color).css('background-color');\n  });\n  for (var i = 0; i < 5; i += 1) {\n    cy.reload();\n    cy.get('.color').then(function (colors) {\n      currentColors = Array.from(colors).map(function (color) {\n        return Cypress.$(color).css('background-color');\n      });\n      expect(currentColors).not.to.deep.equal(previousColors);\n      previousColors = currentColors;\n    });\n  }\n});",
              "err": {
                "message": "CypressError: Timed out retrying: Expected to find element: '.color', but never found it.",
                "estack": "CypressError: Timed out retrying: Expected to find element: '.color', but never found it.\n    at cypressErr (http://localhost:45791/__cypress/runner/cypress_runner.js:149934:9)\n    at throwErr (http://localhost:45791/__cypress/runner/cypress_runner.js:149867:11)\n    at Object.throwErrByPath (http://localhost:45791/__cypress/runner/cypress_runner.js:149915:3)\n    at retry (http://localhost:45791/__cypress/runner/cypress_runner.js:144197:19)\n    at onFailFn (http://localhost:45791/__cypress/runner/cypress_runner.js:132448:16)\n    at tryCatcher (http://localhost:45791/__cypress/runner/cypress_runner.js:167415:23)\n    at Promise._settlePromiseFromHandler (http://localhost:45791/__cypress/runner/cypress_runner.js:165351:31)\n    at Promise._settlePromise (http://localhost:45791/__cypress/runner/cypress_runner.js:165408:18)\n    at Promise._settlePromise0 (http://localhost:45791/__cypress/runner/cypress_runner.js:165453:10)\n    at Promise._settlePromises (http://localhost:45791/__cypress/runner/cypress_runner.js:165528:18)\n    at Async../node_modules/bluebird/js/release/async.js.Async._drainQueue (http://localhost:45791/__cypress/runner/cypress_runner.js:162140:16)\n    at Async../node_modules/bluebird/js/release/async.js.Async._drainQueues (http://localhost:45791/__cypress/runner/cypress_runner.js:162150:10)\n    at Async.drainQueues (http://localhost:45791/__cypress/runner/cypress_runner.js:162024:14)",
                "diff": null
              },
              "uuid": "7499ddd1-819d-43f8-9907-334425bb5c42",
              "parentUUID": "d823719f-5fb2-46a1-8494-b18c2b8a5529",
              "isHook": false,
              "skipped": false
            },
            {
              "title": "Verifica se a cor preta ainda está presente e é a primeira na sua paleta de cores",
              "fullTitle": "12 - Faça com que as cores da paleta sejam geradas aleatoriamente ao carregar a página. Verifica se a cor preta ainda está presente e é a primeira na sua paleta de cores",
              "timedOut": null,
              "duration": 5581,
              "state": "failed",
              "speed": null,
              "pass": false,
              "fail": true,
              "pending": false,
              "context": null,
              "code": "cy.get('.color').then(function (colors) {\n  var currentColors;\n  var previousColors;\n  previousColors = Array.from(colors).map(function (color) {\n    return Cypress.$(color).css('background-color');\n  });\n  expect(previousColors[0]).to.eq(BLACK);\n  for (var i = 0; i < 5; i += 1) {\n    cy.reload();\n    cy.get('.color').then(function (colors) {\n      currentColors = Array.from(colors).map(function (color) {\n        return Cypress.$(color).css('background-color');\n      });\n      expect(currentColors[0]).to.eq(BLACK);\n      expect(currentColors).not.to.deep.equal(previousColors);\n      previousColors = currentColors;\n    });\n  }\n});",
              "err": {
                "message": "CypressError: Timed out retrying: Expected to find element: '.color', but never found it.",
                "estack": "CypressError: Timed out retrying: Expected to find element: '.color', but never found it.\n    at cypressErr (http://localhost:45791/__cypress/runner/cypress_runner.js:149934:9)\n    at throwErr (http://localhost:45791/__cypress/runner/cypress_runner.js:149867:11)\n    at Object.throwErrByPath (http://localhost:45791/__cypress/runner/cypress_runner.js:149915:3)\n    at retry (http://localhost:45791/__cypress/runner/cypress_runner.js:144197:19)\n    at onFailFn (http://localhost:45791/__cypress/runner/cypress_runner.js:132448:16)\n    at tryCatcher (http://localhost:45791/__cypress/runner/cypress_runner.js:167415:23)\n    at Promise._settlePromiseFromHandler (http://localhost:45791/__cypress/runner/cypress_runner.js:165351:31)\n    at Promise._settlePromise (http://localhost:45791/__cypress/runner/cypress_runner.js:165408:18)\n    at Promise._settlePromise0 (http://localhost:45791/__cypress/runner/cypress_runner.js:165453:10)\n    at Promise._settlePromises (http://localhost:45791/__cypress/runner/cypress_runner.js:165528:18)\n    at Async../node_modules/bluebird/js/release/async.js.Async._drainQueue (http://localhost:45791/__cypress/runner/cypress_runner.js:162140:16)\n    at Async../node_modules/bluebird/js/release/async.js.Async._drainQueues (http://localhost:45791/__cypress/runner/cypress_runner.js:162150:10)\n    at Async.drainQueues (http://localhost:45791/__cypress/runner/cypress_runner.js:162024:14)",
                "diff": null
              },
              "uuid": "06eb9853-4074-40b5-96e5-9ab0cfda7d91",
              "parentUUID": "d823719f-5fb2-46a1-8494-b18c2b8a5529",
              "isHook": false,
              "skipped": false
            }
          ],
          "suites": [],
          "passes": [],
          "failures": [
            "7499ddd1-819d-43f8-9907-334425bb5c42",
            "06eb9853-4074-40b5-96e5-9ab0cfda7d91"
          ],
          "pending": [],
          "skipped": [],
          "duration": 11124,
          "root": false,
          "rootEmpty": false,
          "_timeout": 2000
        }
      ],
      "passes": [],
      "failures": [],
      "pending": [],
      "skipped": [],
      "duration": 0,
      "root": true,
      "rootEmpty": true,
      "_timeout": 2000
    }
  ],
  "meta": {
    "mocha": {
      "version": "7.0.1"
    },
    "mochawesome": {
      "options": {
        "quiet": false,
        "reportFilename": "mochawesome",
        "saveHtml": false,
        "saveJson": true,
        "consoleReporter": "spec",
        "useInlineDiffs": false
      },
      "version": "4.1.0"
    },
    "marge": {
      "options": {
        "id": "default",
        "reportDir": "cypress/reports",
        "overwrite": true,
        "html": false,
        "json": true
      },
      "version": "4.1.0"
    }
  }
}